[2024-02-07 10:16:20Z INFO HostContext] No proxy settings were found based on environmental variables (http_proxy/https_proxy/HTTP_PROXY/HTTPS_PROXY)
[2024-02-07 10:16:20Z INFO HostContext] Well known directory 'Bin': 'C:\Users\prath\Downloads\ang-spring-project\actions-runner\bin'
[2024-02-07 10:16:20Z INFO HostContext] Well known directory 'Root': 'C:\Users\prath\Downloads\ang-spring-project\actions-runner'
[2024-02-07 10:16:20Z INFO HostContext] Well known config file 'Credentials': 'C:\Users\prath\Downloads\ang-spring-project\actions-runner\.credentials'
[2024-02-07 10:16:20Z INFO HostContext] Well known directory 'Bin': 'C:\Users\prath\Downloads\ang-spring-project\actions-runner\bin'
[2024-02-07 10:16:20Z INFO HostContext] Well known directory 'Root': 'C:\Users\prath\Downloads\ang-spring-project\actions-runner'
[2024-02-07 10:16:20Z INFO HostContext] Well known config file 'Runner': 'C:\Users\prath\Downloads\ang-spring-project\actions-runner\.runner'
[2024-02-07 10:16:21Z INFO Listener] Runner is built for Windows (X64) - win-x64.
[2024-02-07 10:16:21Z INFO Listener] RuntimeInformation: Microsoft Windows 10.0.19045.
[2024-02-07 10:16:21Z INFO Listener] Version: 2.312.0
[2024-02-07 10:16:21Z INFO Listener] Commit: 1615de2f78ce16935be95ace79d35ed22b0837be
[2024-02-07 10:16:21Z INFO Listener] Culture: en-IN
[2024-02-07 10:16:21Z INFO Listener] UI Culture: en-US
[2024-02-07 10:16:21Z INFO HostContext] Well known directory 'Bin': 'C:\Users\prath\Downloads\ang-spring-project\actions-runner\bin'
[2024-02-07 10:16:21Z INFO HostContext] Well known directory 'Root': 'C:\Users\prath\Downloads\ang-spring-project\actions-runner'
[2024-02-07 10:16:21Z INFO Listener] Validating directory permissions for: 'C:\Users\prath\Downloads\ang-spring-project\actions-runner'
[2024-02-07 10:16:21Z INFO CommandLineParser] Parse
[2024-02-07 10:16:21Z INFO CommandLineParser] Parsing 1 args
[2024-02-07 10:16:21Z INFO CommandLineParser] parsing argument
[2024-02-07 10:16:21Z INFO CommandLineParser] HasArgs: False
[2024-02-07 10:16:21Z INFO CommandLineParser] Adding Command: run
[2024-02-07 10:16:21Z INFO Listener] Arguments parsed
[2024-02-07 10:16:21Z INFO Runner] ExecuteCommand
[2024-02-07 10:16:21Z INFO ConfigurationStore] currentAssemblyLocation: C:\Users\prath\Downloads\ang-spring-project\actions-runner\bin\Runner.Listener.dll
[2024-02-07 10:16:21Z INFO HostContext] Well known directory 'Bin': 'C:\Users\prath\Downloads\ang-spring-project\actions-runner\bin'
[2024-02-07 10:16:21Z INFO ConfigurationStore] binPath: C:\Users\prath\Downloads\ang-spring-project\actions-runner\bin
[2024-02-07 10:16:21Z INFO HostContext] Well known directory 'Bin': 'C:\Users\prath\Downloads\ang-spring-project\actions-runner\bin'
[2024-02-07 10:16:21Z INFO HostContext] Well known directory 'Root': 'C:\Users\prath\Downloads\ang-spring-project\actions-runner'
[2024-02-07 10:16:21Z INFO ConfigurationStore] RootFolder: C:\Users\prath\Downloads\ang-spring-project\actions-runner
[2024-02-07 10:16:21Z INFO HostContext] Well known directory 'Bin': 'C:\Users\prath\Downloads\ang-spring-project\actions-runner\bin'
[2024-02-07 10:16:21Z INFO HostContext] Well known directory 'Root': 'C:\Users\prath\Downloads\ang-spring-project\actions-runner'
[2024-02-07 10:16:21Z INFO HostContext] Well known config file 'Runner': 'C:\Users\prath\Downloads\ang-spring-project\actions-runner\.runner'
[2024-02-07 10:16:21Z INFO ConfigurationStore] ConfigFilePath: C:\Users\prath\Downloads\ang-spring-project\actions-runner\.runner
[2024-02-07 10:16:21Z INFO HostContext] Well known directory 'Bin': 'C:\Users\prath\Downloads\ang-spring-project\actions-runner\bin'
[2024-02-07 10:16:21Z INFO HostContext] Well known directory 'Root': 'C:\Users\prath\Downloads\ang-spring-project\actions-runner'
[2024-02-07 10:16:21Z INFO HostContext] Well known config file 'Credentials': 'C:\Users\prath\Downloads\ang-spring-project\actions-runner\.credentials'
[2024-02-07 10:16:21Z INFO ConfigurationStore] CredFilePath: C:\Users\prath\Downloads\ang-spring-project\actions-runner\.credentials
[2024-02-07 10:16:21Z INFO HostContext] Well known directory 'Bin': 'C:\Users\prath\Downloads\ang-spring-project\actions-runner\bin'
[2024-02-07 10:16:21Z INFO HostContext] Well known directory 'Root': 'C:\Users\prath\Downloads\ang-spring-project\actions-runner'
[2024-02-07 10:16:21Z INFO HostContext] Well known config file 'MigratedCredentials': 'C:\Users\prath\Downloads\ang-spring-project\actions-runner\.credentials_migrated'
[2024-02-07 10:16:21Z INFO ConfigurationStore] MigratedCredFilePath: C:\Users\prath\Downloads\ang-spring-project\actions-runner\.credentials_migrated
[2024-02-07 10:16:21Z INFO HostContext] Well known directory 'Bin': 'C:\Users\prath\Downloads\ang-spring-project\actions-runner\bin'
[2024-02-07 10:16:21Z INFO HostContext] Well known directory 'Root': 'C:\Users\prath\Downloads\ang-spring-project\actions-runner'
[2024-02-07 10:16:21Z INFO HostContext] Well known config file 'Service': 'C:\Users\prath\Downloads\ang-spring-project\actions-runner\.service'
[2024-02-07 10:16:21Z INFO ConfigurationStore] ServiceConfigFilePath: C:\Users\prath\Downloads\ang-spring-project\actions-runner\.service
[2024-02-07 10:16:21Z INFO CommandSettings] Flag 'help': 'False'
[2024-02-07 10:16:21Z INFO CommandSettings] Flag 'version': 'False'
[2024-02-07 10:16:21Z INFO CommandSettings] Flag 'commit': 'False'
[2024-02-07 10:16:21Z INFO CommandSettings] Flag 'check': 'False'
[2024-02-07 10:16:21Z INFO CommandSettings] Command 'configure': 'False'
[2024-02-07 10:16:21Z INFO CommandSettings] Command 'remove': 'False'
[2024-02-07 10:16:21Z INFO CommandSettings] Command 'warmup': 'False'
[2024-02-07 10:16:21Z INFO ConfigurationManager] LoadSettings
[2024-02-07 10:16:21Z INFO ConfigurationStore] IsConfigured()
[2024-02-07 10:16:21Z INFO ConfigurationStore] IsConfigured: True
[2024-02-07 10:16:21Z INFO ConfigurationManager] Is configured: True
[2024-02-07 10:16:21Z INFO ConfigurationStore] Read setting file: 312 chars
[2024-02-07 10:16:21Z INFO ConfigurationManager] Settings Loaded
[2024-02-07 10:16:21Z INFO ConfigurationStore] IsServiceConfigured()
[2024-02-07 10:16:21Z INFO ConfigurationStore] IsServiceConfigured: False
[2024-02-07 10:16:21Z INFO CommandSettings] Command 'run': 'True'
[2024-02-07 10:16:21Z INFO ConfigurationStore] IsConfigured()
[2024-02-07 10:16:21Z INFO ConfigurationStore] IsConfigured: True
[2024-02-07 10:16:21Z INFO ConfigurationManager] Is configured: True
[2024-02-07 10:16:21Z INFO Runner] Could not parse the argument value '' for StartupType. Defaulting to Manual
[2024-02-07 10:16:21Z INFO Runner] Set runner startup type - Manual
[2024-02-07 10:16:21Z INFO CommandSettings] Flag 'once': 'False'
[2024-02-07 10:16:21Z INFO CommandSettings] Flag 'once': 'False'
[2024-02-07 10:16:21Z INFO Runner] RunAsync
[2024-02-07 10:16:21Z INFO ConfigurationManager] LoadSettings
[2024-02-07 10:16:21Z INFO ConfigurationStore] IsConfigured()
[2024-02-07 10:16:21Z INFO ConfigurationStore] IsConfigured: True
[2024-02-07 10:16:21Z INFO ConfigurationManager] Is configured: True
[2024-02-07 10:16:21Z INFO ConfigurationManager] Settings Loaded
[2024-02-07 10:16:21Z INFO MessageListener] {
  "AgentId": 21,
  "AgentName": "SAG-51CTVL3",
  "PoolId": 1,
  "PoolName": "Default",
  "ServerUrl": "https://pipelinesghubeus4.actions.githubusercontent.com/tYgXTJ2kBnbWE5Zd4yFmitMaguB5XUtankX8BWxEwCaiPq9xee/",
  "GitHubUrl": "https://github.com/TPragadeesh/IPL_ang_spring",
  "WorkFolder": "_work"
}
[2024-02-07 10:16:21Z INFO MessageListener] Loading Credentials
[2024-02-07 10:16:21Z INFO ConfigurationStore] HasCredentials()
[2024-02-07 10:16:21Z INFO ConfigurationStore] stored True
[2024-02-07 10:16:21Z INFO CredentialManager] GetCredentialProvider
[2024-02-07 10:16:21Z INFO CredentialManager] Creating type OAuth
[2024-02-07 10:16:21Z INFO CredentialManager] Creating credential type: OAuth
[2024-02-07 10:16:21Z INFO HostContext] Well known directory 'Bin': 'C:\Users\prath\Downloads\ang-spring-project\actions-runner\bin'
[2024-02-07 10:16:21Z INFO HostContext] Well known directory 'Root': 'C:\Users\prath\Downloads\ang-spring-project\actions-runner'
[2024-02-07 10:16:21Z INFO HostContext] Well known config file 'RSACredentials': 'C:\Users\prath\Downloads\ang-spring-project\actions-runner\.credentials_rsaparams'
[2024-02-07 10:16:21Z INFO RSAEncryptedFileKeyManager] Loading RSA key parameters from file C:\Users\prath\Downloads\ang-spring-project\actions-runner\.credentials_rsaparams
[2024-02-07 10:16:21Z INFO MessageListener] Attempt to create session.
[2024-02-07 10:16:21Z INFO MessageListener] Connecting to the Runner Server...
[2024-02-07 10:16:21Z INFO RunnerServer] EstablishVssConnection
[2024-02-07 10:16:21Z INFO RunnerServer] Establish connection with 100 seconds timeout.
[2024-02-07 10:16:21Z INFO GitHubActionsService] Starting operation Location.GetConnectionData
[2024-02-07 10:16:21Z INFO RunnerServer] EstablishVssConnection
[2024-02-07 10:16:21Z INFO RunnerServer] Establish connection with 60 seconds timeout.
[2024-02-07 10:16:21Z INFO GitHubActionsService] Starting operation Location.GetConnectionData
[2024-02-07 10:16:21Z INFO RunnerServer] EstablishVssConnection
[2024-02-07 10:16:21Z INFO RunnerServer] Establish connection with 60 seconds timeout.
[2024-02-07 10:16:21Z INFO GitHubActionsService] Starting operation Location.GetConnectionData
[2024-02-07 10:16:22Z INFO GitHubActionsService] Finished operation Location.GetConnectionData
[2024-02-07 10:16:22Z INFO GitHubActionsService] Finished operation Location.GetConnectionData
[2024-02-07 10:16:22Z INFO GitHubActionsService] Finished operation Location.GetConnectionData
[2024-02-07 10:16:22Z INFO MessageListener] VssConnection created
[2024-02-07 10:16:22Z INFO Terminal] WRITE LINE: 
[2024-02-07 10:16:22Z INFO Terminal] WRITE LINE: 
[2024-02-07 10:16:22Z INFO RSAEncryptedFileKeyManager] Loading RSA key parameters from file C:\Users\prath\Downloads\ang-spring-project\actions-runner\.credentials_rsaparams
[2024-02-07 10:16:22Z INFO RSAEncryptedFileKeyManager] Loading RSA key parameters from file C:\Users\prath\Downloads\ang-spring-project\actions-runner\.credentials_rsaparams
[2024-02-07 10:16:23Z INFO GitHubActionsService] AAD Correlation ID for this token request: Unknown
[2024-02-07 10:16:23Z INFO MessageListener] Session created.
[2024-02-07 10:16:23Z INFO Terminal] WRITE LINE: Current runner version: '2.312.0'
[2024-02-07 10:16:23Z INFO Terminal] WRITE LINE: 2024-02-07 10:16:23Z: Listening for Jobs
[2024-02-07 10:16:23Z INFO JobDispatcher] Set runner/worker IPC timeout to 30 seconds.
[2024-02-07 10:20:02Z INFO RSAEncryptedFileKeyManager] Loading RSA key parameters from file C:\Users\prath\Downloads\ang-spring-project\actions-runner\.credentials_rsaparams
[2024-02-07 10:20:02Z INFO MessageListener] Message '1' received from session '2c6d7184-8a2a-4c6d-809c-be6678164788'.
[2024-02-07 10:20:02Z INFO Runner] Received job message of length 25303 from service, with hash '12604068b96464e1d1a8df78a50b3d45a3d9a220735d76ee0c8d637363a641fd'
[2024-02-07 10:20:03Z INFO JobDispatcher] Job request 35 for plan e5d68082-a00f-40b4-8ced-e18e9bf8e3a9 job e07742bd-189a-5079-918b-43f8b2f94b89 received.
[2024-02-07 10:20:03Z INFO JobDispatcher] Pull OrchestrationId e5d68082-a00f-40b4-8ced-e18e9bf8e3a9.deploy.__default from JWT claims
[2024-02-07 10:20:03Z INFO Terminal] WRITE LINE: 2024-02-07 10:20:03Z: Running job: deploy
[2024-02-07 10:20:03Z INFO JobDispatcher] Start renew job request 35 for job e07742bd-189a-5079-918b-43f8b2f94b89.
[2024-02-07 10:20:04Z INFO JobDispatcher] Successfully renew job request 35, job is valid till 07-02-2024 10:30:03
[2024-02-07 10:20:04Z INFO HostContext] Well known directory 'Bin': 'C:\Users\prath\Downloads\ang-spring-project\actions-runner\bin'
[2024-02-07 10:20:04Z INFO ProcessInvokerWrapper] Starting process:
[2024-02-07 10:20:04Z INFO ProcessInvokerWrapper]   File name: 'C:\Users\prath\Downloads\ang-spring-project\actions-runner\bin\Runner.Worker.exe'
[2024-02-07 10:20:04Z INFO ProcessInvokerWrapper]   Arguments: 'spawnclient 2316 2328'
[2024-02-07 10:20:04Z INFO ProcessInvokerWrapper]   Working directory: 'C:\Users\prath\Downloads\ang-spring-project\actions-runner\bin'
[2024-02-07 10:20:04Z INFO ProcessInvokerWrapper]   Require exit code zero: 'False'
[2024-02-07 10:20:04Z INFO ProcessInvokerWrapper]   Encoding web name:  ; code page: ''
[2024-02-07 10:20:04Z INFO ProcessInvokerWrapper]   Force kill process on cancellation: 'True'
[2024-02-07 10:20:04Z INFO ProcessInvokerWrapper]   Redirected STDIN: 'False'
[2024-02-07 10:20:04Z INFO ProcessInvokerWrapper]   Persist current code page: 'False'
[2024-02-07 10:20:04Z INFO ProcessInvokerWrapper]   Keep redirected STDIN open: 'False'
[2024-02-07 10:20:04Z INFO ProcessInvokerWrapper]   High priority process: 'True'
[2024-02-07 10:20:04Z INFO ProcessInvokerWrapper] Process started with process id 24440, waiting for process exit.
[2024-02-07 10:20:04Z INFO JobDispatcher] Send job request message to worker for job e07742bd-189a-5079-918b-43f8b2f94b89.
[2024-02-07 10:20:04Z INFO ProcessChannel] Sending message of length 25303, with hash '12604068b96464e1d1a8df78a50b3d45a3d9a220735d76ee0c8d637363a641fd'
[2024-02-07 10:20:04Z INFO JobNotification] Entering JobStarted Notification
[2024-02-07 10:20:04Z INFO JobNotification] Entering StartMonitor
[2024-02-07 10:20:50Z INFO ProcessInvokerWrapper] STDOUT/STDERR stream read finished.
[2024-02-07 10:20:50Z INFO ProcessInvokerWrapper] STDOUT/STDERR stream read finished.
[2024-02-07 10:20:50Z INFO ProcessInvokerWrapper] Finished process 24440 with exit code 102, and elapsed time 00:00:46.1596242.
[2024-02-07 10:20:50Z INFO JobDispatcher] Worker finished for job e07742bd-189a-5079-918b-43f8b2f94b89. Code: 102
[2024-02-07 10:20:50Z INFO JobDispatcher] finish job request for job e07742bd-189a-5079-918b-43f8b2f94b89 with result: Failed
[2024-02-07 10:20:50Z INFO Terminal] WRITE LINE: 2024-02-07 10:20:50Z: Job deploy completed with result: Failed
[2024-02-07 10:20:50Z INFO JobDispatcher] Stop renew job request for job e07742bd-189a-5079-918b-43f8b2f94b89.
[2024-02-07 10:20:50Z INFO JobDispatcher] job renew has been cancelled, stop renew job request 35.
[2024-02-07 10:20:50Z INFO JobNotification] Entering JobCompleted Notification
[2024-02-07 10:20:50Z INFO JobNotification] Entering EndMonitor
[2024-02-07 10:23:43Z INFO RSAEncryptedFileKeyManager] Loading RSA key parameters from file C:\Users\prath\Downloads\ang-spring-project\actions-runner\.credentials_rsaparams
[2024-02-07 10:23:43Z INFO MessageListener] Message '2' received from session '2c6d7184-8a2a-4c6d-809c-be6678164788'.
[2024-02-07 10:23:43Z INFO Runner] Received job message of length 24070 from service, with hash 'b0dcc05f445d7bc8b6e1536b4fc51ed7f8ab775dd4753a8149162d1f50ac29bb'
[2024-02-07 10:23:43Z INFO JobDispatcher] Job request 36 for plan ad879502-8b4e-49e6-8afc-eefc17f1a1fc job e07742bd-189a-5079-918b-43f8b2f94b89 received.
[2024-02-07 10:23:43Z INFO JobDispatcher] Pull OrchestrationId ad879502-8b4e-49e6-8afc-eefc17f1a1fc.deploy.__default from JWT claims
[2024-02-07 10:23:43Z INFO JobDispatcher] Job request e07742bd-189a-5079-918b-43f8b2f94b89 processed succeed.
[2024-02-07 10:23:43Z INFO Terminal] WRITE LINE: 2024-02-07 10:23:43Z: Running job: deploy
[2024-02-07 10:23:43Z INFO JobDispatcher] Start renew job request 36 for job e07742bd-189a-5079-918b-43f8b2f94b89.
[2024-02-07 10:23:44Z INFO JobDispatcher] Successfully renew job request 36, job is valid till 07-02-2024 10:33:43
[2024-02-07 10:23:44Z INFO HostContext] Well known directory 'Bin': 'C:\Users\prath\Downloads\ang-spring-project\actions-runner\bin'
[2024-02-07 10:23:44Z INFO ProcessInvokerWrapper] Starting process:
[2024-02-07 10:23:44Z INFO ProcessInvokerWrapper]   File name: 'C:\Users\prath\Downloads\ang-spring-project\actions-runner\bin\Runner.Worker.exe'
[2024-02-07 10:23:44Z INFO ProcessInvokerWrapper]   Arguments: 'spawnclient 1652 2116'
[2024-02-07 10:23:44Z INFO ProcessInvokerWrapper]   Working directory: 'C:\Users\prath\Downloads\ang-spring-project\actions-runner\bin'
[2024-02-07 10:23:44Z INFO ProcessInvokerWrapper]   Require exit code zero: 'False'
[2024-02-07 10:23:44Z INFO ProcessInvokerWrapper]   Encoding web name:  ; code page: ''
[2024-02-07 10:23:44Z INFO ProcessInvokerWrapper]   Force kill process on cancellation: 'True'
[2024-02-07 10:23:44Z INFO ProcessInvokerWrapper]   Redirected STDIN: 'False'
[2024-02-07 10:23:44Z INFO ProcessInvokerWrapper]   Persist current code page: 'False'
[2024-02-07 10:23:44Z INFO ProcessInvokerWrapper]   Keep redirected STDIN open: 'False'
[2024-02-07 10:23:44Z INFO ProcessInvokerWrapper]   High priority process: 'True'
[2024-02-07 10:23:44Z INFO ProcessInvokerWrapper] Process started with process id 3788, waiting for process exit.
[2024-02-07 10:23:44Z INFO JobDispatcher] Send job request message to worker for job e07742bd-189a-5079-918b-43f8b2f94b89.
[2024-02-07 10:23:44Z INFO ProcessChannel] Sending message of length 24070, with hash 'b0dcc05f445d7bc8b6e1536b4fc51ed7f8ab775dd4753a8149162d1f50ac29bb'
[2024-02-07 10:23:44Z INFO JobNotification] Entering JobStarted Notification
[2024-02-07 10:23:44Z INFO JobNotification] Entering StartMonitor
[2024-02-07 10:24:15Z INFO ProcessInvokerWrapper] STDOUT/STDERR stream read finished.
[2024-02-07 10:24:15Z INFO ProcessInvokerWrapper] STDOUT/STDERR stream read finished.
[2024-02-07 10:24:15Z INFO ProcessInvokerWrapper] Finished process 3788 with exit code 102, and elapsed time 00:00:31.0163183.
[2024-02-07 10:24:15Z INFO JobDispatcher] Worker finished for job e07742bd-189a-5079-918b-43f8b2f94b89. Code: 102
[2024-02-07 10:24:15Z INFO JobDispatcher] finish job request for job e07742bd-189a-5079-918b-43f8b2f94b89 with result: Failed
[2024-02-07 10:24:15Z INFO Terminal] WRITE LINE: 2024-02-07 10:24:15Z: Job deploy completed with result: Failed
[2024-02-07 10:24:15Z INFO JobDispatcher] Stop renew job request for job e07742bd-189a-5079-918b-43f8b2f94b89.
[2024-02-07 10:24:15Z INFO JobDispatcher] job renew has been cancelled, stop renew job request 36.
[2024-02-07 10:24:15Z INFO JobNotification] Entering JobCompleted Notification
[2024-02-07 10:24:15Z INFO JobNotification] Entering EndMonitor
[2024-02-07 10:25:05Z INFO Terminal] WRITE LINE: Exiting...
[2024-02-07 10:25:05Z INFO ConfigurationStore] IsServiceConfigured()
[2024-02-07 10:25:05Z INFO ConfigurationStore] IsServiceConfigured: False
[2024-02-07 10:25:05Z INFO HostContext] Runner will be shutdown for UserCancelled
[2024-02-07 10:25:05Z WARN GitHubActionsService] GET request to https://pipelinesghubeus4.actions.githubusercontent.com/tYgXTJ2kBnbWE5Zd4yFmitMaguB5XUtankX8BWxEwCaiPq9xee/_apis/distributedtask/pools/1/messages?sessionId=2c6d7184-8a2a-4c6d-809c-be6678164788&lastMessageId=2&status=Online&runnerVersion=2.312.0&os=Windows&architecture=X64&disableUpdate=false has been cancelled.
[2024-02-07 10:25:05Z INFO MessageListener] Get next message has been cancelled.
[2024-02-07 10:25:05Z INFO JobDispatcher] Shutting down JobDispatcher. Make sure all WorkerDispatcher has finished.
[2024-02-07 10:25:05Z INFO JobDispatcher] Ensure WorkerDispatcher for job e07742bd-189a-5079-918b-43f8b2f94b89 run to finish, cancel any running job.
[2024-02-07 10:25:05Z INFO JobDispatcher] Job request e07742bd-189a-5079-918b-43f8b2f94b89 processed succeed.
[2024-02-07 10:25:06Z INFO Listener] Runner execution been cancelled.
