[2024-02-07 09:59:06Z INFO HostContext] No proxy settings were found based on environmental variables (http_proxy/https_proxy/HTTP_PROXY/HTTPS_PROXY)
[2024-02-07 09:59:06Z INFO HostContext] Well known directory 'Bin': 'C:\Users\prath\Downloads\ang-spring-project\actions-runner\bin'
[2024-02-07 09:59:06Z INFO HostContext] Well known directory 'Root': 'C:\Users\prath\Downloads\ang-spring-project\actions-runner'
[2024-02-07 09:59:06Z INFO HostContext] Well known config file 'Credentials': 'C:\Users\prath\Downloads\ang-spring-project\actions-runner\.credentials'
[2024-02-07 09:59:06Z INFO HostContext] Well known directory 'Bin': 'C:\Users\prath\Downloads\ang-spring-project\actions-runner\bin'
[2024-02-07 09:59:06Z INFO HostContext] Well known directory 'Root': 'C:\Users\prath\Downloads\ang-spring-project\actions-runner'
[2024-02-07 09:59:06Z INFO HostContext] Well known config file 'Runner': 'C:\Users\prath\Downloads\ang-spring-project\actions-runner\.runner'
[2024-02-07 09:59:06Z INFO Listener] Runner is built for Windows (X64) - win-x64.
[2024-02-07 09:59:06Z INFO Listener] RuntimeInformation: Microsoft Windows 10.0.19045.
[2024-02-07 09:59:06Z INFO Listener] Version: 2.312.0
[2024-02-07 09:59:06Z INFO Listener] Commit: 1615de2f78ce16935be95ace79d35ed22b0837be
[2024-02-07 09:59:06Z INFO Listener] Culture: en-IN
[2024-02-07 09:59:06Z INFO Listener] UI Culture: en-US
[2024-02-07 09:59:06Z INFO HostContext] Well known directory 'Bin': 'C:\Users\prath\Downloads\ang-spring-project\actions-runner\bin'
[2024-02-07 09:59:06Z INFO HostContext] Well known directory 'Root': 'C:\Users\prath\Downloads\ang-spring-project\actions-runner'
[2024-02-07 09:59:06Z INFO Listener] Validating directory permissions for: 'C:\Users\prath\Downloads\ang-spring-project\actions-runner'
[2024-02-07 09:59:06Z INFO CommandLineParser] Parse
[2024-02-07 09:59:06Z INFO CommandLineParser] Parsing 5 args
[2024-02-07 09:59:06Z INFO CommandLineParser] parsing argument
[2024-02-07 09:59:06Z INFO CommandLineParser] HasArgs: False
[2024-02-07 09:59:06Z INFO CommandLineParser] Adding Command: configure
[2024-02-07 09:59:06Z INFO CommandLineParser] parsing argument
[2024-02-07 09:59:06Z INFO CommandLineParser] HasArgs: True
[2024-02-07 09:59:06Z INFO CommandLineParser] arg: url
[2024-02-07 09:59:06Z INFO CommandLineParser] parsing argument
[2024-02-07 09:59:06Z INFO CommandLineParser] HasArgs: True
[2024-02-07 09:59:06Z INFO CommandLineParser] Adding option 'url': 'https://github.com/TPragadeesh/IPL_ang_spring'
[2024-02-07 09:59:06Z INFO CommandLineParser] parsing argument
[2024-02-07 09:59:06Z INFO CommandLineParser] HasArgs: True
[2024-02-07 09:59:06Z INFO CommandLineParser] arg: token
[2024-02-07 09:59:06Z INFO CommandLineParser] parsing argument
[2024-02-07 09:59:06Z INFO CommandLineParser] HasArgs: True
[2024-02-07 09:59:06Z INFO CommandLineParser] Adding option 'token': '***'
[2024-02-07 09:59:06Z INFO Listener] Arguments parsed
[2024-02-07 09:59:06Z INFO Runner] ExecuteCommand
[2024-02-07 09:59:06Z INFO ConfigurationStore] currentAssemblyLocation: C:\Users\prath\Downloads\ang-spring-project\actions-runner\bin\Runner.Listener.dll
[2024-02-07 09:59:06Z INFO HostContext] Well known directory 'Bin': 'C:\Users\prath\Downloads\ang-spring-project\actions-runner\bin'
[2024-02-07 09:59:06Z INFO ConfigurationStore] binPath: C:\Users\prath\Downloads\ang-spring-project\actions-runner\bin
[2024-02-07 09:59:06Z INFO HostContext] Well known directory 'Bin': 'C:\Users\prath\Downloads\ang-spring-project\actions-runner\bin'
[2024-02-07 09:59:06Z INFO HostContext] Well known directory 'Root': 'C:\Users\prath\Downloads\ang-spring-project\actions-runner'
[2024-02-07 09:59:06Z INFO ConfigurationStore] RootFolder: C:\Users\prath\Downloads\ang-spring-project\actions-runner
[2024-02-07 09:59:06Z INFO HostContext] Well known directory 'Bin': 'C:\Users\prath\Downloads\ang-spring-project\actions-runner\bin'
[2024-02-07 09:59:06Z INFO HostContext] Well known directory 'Root': 'C:\Users\prath\Downloads\ang-spring-project\actions-runner'
[2024-02-07 09:59:06Z INFO HostContext] Well known config file 'Runner': 'C:\Users\prath\Downloads\ang-spring-project\actions-runner\.runner'
[2024-02-07 09:59:06Z INFO ConfigurationStore] ConfigFilePath: C:\Users\prath\Downloads\ang-spring-project\actions-runner\.runner
[2024-02-07 09:59:06Z INFO HostContext] Well known directory 'Bin': 'C:\Users\prath\Downloads\ang-spring-project\actions-runner\bin'
[2024-02-07 09:59:06Z INFO HostContext] Well known directory 'Root': 'C:\Users\prath\Downloads\ang-spring-project\actions-runner'
[2024-02-07 09:59:06Z INFO HostContext] Well known config file 'Credentials': 'C:\Users\prath\Downloads\ang-spring-project\actions-runner\.credentials'
[2024-02-07 09:59:06Z INFO ConfigurationStore] CredFilePath: C:\Users\prath\Downloads\ang-spring-project\actions-runner\.credentials
[2024-02-07 09:59:06Z INFO HostContext] Well known directory 'Bin': 'C:\Users\prath\Downloads\ang-spring-project\actions-runner\bin'
[2024-02-07 09:59:06Z INFO HostContext] Well known directory 'Root': 'C:\Users\prath\Downloads\ang-spring-project\actions-runner'
[2024-02-07 09:59:06Z INFO HostContext] Well known config file 'MigratedCredentials': 'C:\Users\prath\Downloads\ang-spring-project\actions-runner\.credentials_migrated'
[2024-02-07 09:59:06Z INFO ConfigurationStore] MigratedCredFilePath: C:\Users\prath\Downloads\ang-spring-project\actions-runner\.credentials_migrated
[2024-02-07 09:59:06Z INFO HostContext] Well known directory 'Bin': 'C:\Users\prath\Downloads\ang-spring-project\actions-runner\bin'
[2024-02-07 09:59:06Z INFO HostContext] Well known directory 'Root': 'C:\Users\prath\Downloads\ang-spring-project\actions-runner'
[2024-02-07 09:59:06Z INFO HostContext] Well known config file 'Service': 'C:\Users\prath\Downloads\ang-spring-project\actions-runner\.service'
[2024-02-07 09:59:06Z INFO ConfigurationStore] ServiceConfigFilePath: C:\Users\prath\Downloads\ang-spring-project\actions-runner\.service
[2024-02-07 09:59:06Z INFO CommandSettings] Flag 'help': 'False'
[2024-02-07 09:59:06Z INFO CommandSettings] Flag 'version': 'False'
[2024-02-07 09:59:06Z INFO CommandSettings] Flag 'commit': 'False'
[2024-02-07 09:59:06Z INFO CommandSettings] Flag 'check': 'False'
[2024-02-07 09:59:06Z INFO CommandSettings] Command 'configure': 'True'
[2024-02-07 09:59:06Z INFO Terminal] WRITE LINE: 
[2024-02-07 09:59:06Z INFO Terminal] WRITE LINE: --------------------------------------------------------------------------------
[2024-02-07 09:59:06Z INFO Terminal] WRITE LINE: |        ____ _ _   _   _       _          _        _   _                      |
[2024-02-07 09:59:06Z INFO Terminal] WRITE LINE: |       / ___(_) |_| | | |_   _| |__      / \   ___| |_(_) ___  _ __  ___      |
[2024-02-07 09:59:06Z INFO Terminal] WRITE LINE: |      | |  _| | __| |_| | | | | '_ \    / _ \ / __| __| |/ _ \| '_ \/ __|     |
[2024-02-07 09:59:06Z INFO Terminal] WRITE LINE: |      | |_| | | |_|  _  | |_| | |_) |  / ___ \ (__| |_| | (_) | | | \__ \     |
[2024-02-07 09:59:06Z INFO Terminal] WRITE LINE: |       \____|_|\__|_| |_|\__,_|_.__/  /_/   \_\___|\__|_|\___/|_| |_|___/     |
[2024-02-07 09:59:06Z INFO Terminal] WRITE LINE: |                                                                              |
[2024-02-07 09:59:06Z INFO Terminal] WRITE: |                       
[2024-02-07 09:59:06Z INFO Terminal] WRITE: Self-hosted runner registration
[2024-02-07 09:59:06Z INFO Terminal] WRITE LINE:                         |
[2024-02-07 09:59:06Z INFO Terminal] WRITE LINE: |                                                                              |
[2024-02-07 09:59:06Z INFO Terminal] WRITE LINE: --------------------------------------------------------------------------------
[2024-02-07 09:59:06Z INFO ConfigurationManager] ConfigureAsync
[2024-02-07 09:59:06Z INFO CommandSettings] Flag 'generateServiceConfig': 'False'
[2024-02-07 09:59:06Z INFO ConfigurationStore] IsConfigured()
[2024-02-07 09:59:06Z INFO ConfigurationStore] IsConfigured: False
[2024-02-07 09:59:06Z INFO ConfigurationManager] Is configured: False
[2024-02-07 09:59:06Z INFO CommandSettings] Arg 'url': 'https://github.com/TPragadeesh/IPL_ang_spring'
[2024-02-07 09:59:06Z INFO CommandSettings] Remove url from Arg dictionary.
[2024-02-07 09:59:06Z INFO CommandSettings] Arg 'token': '***'
[2024-02-07 09:59:06Z INFO CommandSettings] Remove token from Arg dictionary.
[2024-02-07 09:59:07Z INFO ConfigurationManager] Http response code: OK from 'POST https://api.github.com/actions/runner-registration' (F6CC:DD949:586442:5FB160:65C3546A)
[2024-02-07 09:59:07Z INFO ConfigurationManager] Using V2 flow: False
[2024-02-07 09:59:07Z INFO ConfigurationManager] cred retrieved via GitHub auth
[2024-02-07 09:59:07Z INFO RunnerServer] EstablishVssConnection
[2024-02-07 09:59:07Z INFO RunnerServer] Establish connection with 100 seconds timeout.
[2024-02-07 09:59:07Z INFO GitHubActionsService] Starting operation Location.GetConnectionData
[2024-02-07 09:59:07Z INFO RunnerServer] EstablishVssConnection
[2024-02-07 09:59:07Z INFO RunnerServer] Establish connection with 60 seconds timeout.
[2024-02-07 09:59:07Z INFO GitHubActionsService] Starting operation Location.GetConnectionData
[2024-02-07 09:59:07Z INFO RunnerServer] EstablishVssConnection
[2024-02-07 09:59:07Z INFO RunnerServer] Establish connection with 60 seconds timeout.
[2024-02-07 09:59:07Z INFO GitHubActionsService] Starting operation Location.GetConnectionData
[2024-02-07 09:59:09Z INFO GitHubActionsService] Finished operation Location.GetConnectionData
[2024-02-07 09:59:09Z INFO GitHubActionsService] Finished operation Location.GetConnectionData
[2024-02-07 09:59:09Z INFO GitHubActionsService] Finished operation Location.GetConnectionData
[2024-02-07 09:59:09Z INFO Terminal] WRITE LINE: 
[2024-02-07 09:59:09Z INFO ConfigurationManager] Test Connection complete.
[2024-02-07 09:59:09Z INFO HostContext] Well known directory 'Bin': 'C:\Users\prath\Downloads\ang-spring-project\actions-runner\bin'
[2024-02-07 09:59:09Z INFO HostContext] Well known directory 'Root': 'C:\Users\prath\Downloads\ang-spring-project\actions-runner'
[2024-02-07 09:59:09Z INFO HostContext] Well known config file 'RSACredentials': 'C:\Users\prath\Downloads\ang-spring-project\actions-runner\.credentials_rsaparams'
[2024-02-07 09:59:09Z INFO RSAEncryptedFileKeyManager] Creating new RSA key using 2048-bit key length
[2024-02-07 09:59:09Z INFO RSAEncryptedFileKeyManager] Successfully saved RSA key parameters to file C:\Users\prath\Downloads\ang-spring-project\actions-runner\.credentials_rsaparams
[2024-02-07 09:59:09Z INFO CommandSettings] Arg 'runnergroup': ''
[2024-02-07 09:59:09Z INFO CommandSettings] Flag 'unattended': 'False'
[2024-02-07 09:59:09Z INFO PromptManager] ReadValue
[2024-02-07 09:59:09Z INFO Terminal] WRITE: Enter the name of the runner group to add this runner to: 
[2024-02-07 09:59:09Z INFO Terminal] WRITE: [press Enter for Default] 
[2024-02-07 09:59:09Z INFO Terminal] READ LINE
[2024-02-07 09:59:15Z INFO Terminal] Read value: ''
[2024-02-07 09:59:15Z INFO PromptManager] Falling back to the default: 'Default'
[2024-02-07 09:59:15Z INFO Terminal] WRITE LINE: 
[2024-02-07 09:59:15Z INFO ConfigurationManager] Found a self-hosted runner group with id 1 and name Default
[2024-02-07 09:59:15Z INFO CommandSettings] Flag 'disableupdate': 'False'
[2024-02-07 09:59:15Z INFO CommandSettings] Flag 'ephemeral': 'False'
[2024-02-07 09:59:15Z INFO CommandSettings] Arg 'name': ''
[2024-02-07 09:59:15Z INFO CommandSettings] Flag 'unattended': 'False'
[2024-02-07 09:59:15Z INFO PromptManager] ReadValue
[2024-02-07 09:59:15Z INFO Terminal] WRITE: Enter the name of runner: 
[2024-02-07 09:59:15Z INFO Terminal] WRITE: [press Enter for SAG-51CTVL3] 
[2024-02-07 09:59:15Z INFO Terminal] READ LINE
[2024-02-07 09:59:19Z INFO Terminal] Read value: ''
[2024-02-07 09:59:19Z INFO PromptManager] Falling back to the default: 'SAG-51CTVL3'
[2024-02-07 09:59:19Z INFO Terminal] WRITE LINE: 
[2024-02-07 09:59:19Z INFO CommandSettings] Arg 'labels': ''
[2024-02-07 09:59:19Z INFO CommandSettings] Flag 'unattended': 'False'
[2024-02-07 09:59:19Z INFO PromptManager] ReadValue
[2024-02-07 09:59:19Z INFO Terminal] WRITE: This runner will have the following labels: 'self-hosted', 'Windows', 'X64' 
Enter any additional labels (ex. label-1,label-2): 
[2024-02-07 09:59:19Z INFO Terminal] WRITE: [press Enter to skip] 
[2024-02-07 09:59:19Z INFO Terminal] READ LINE
[2024-02-07 09:59:23Z INFO Terminal] Read value: ''
[2024-02-07 09:59:23Z INFO Terminal] WRITE LINE: 
[2024-02-07 09:59:23Z INFO CommandSettings] Flag 'disableupdate': 'False'
[2024-02-07 09:59:23Z INFO CommandSettings] Flag 'no-default-labels': 'False'
[2024-02-07 09:59:24Z INFO CommandSettings] Flag 'disableupdate': 'False'
[2024-02-07 09:59:24Z INFO CommandSettings] Flag 'ephemeral': 'False'
[2024-02-07 09:59:24Z INFO ConfigurationStore] Saving OAuth credential @ C:\Users\prath\Downloads\ang-spring-project\actions-runner\.credentials
[2024-02-07 09:59:24Z INFO ConfigurationStore] Credentials Saved.
[2024-02-07 09:59:24Z INFO ConfigurationStore] HasCredentials()
[2024-02-07 09:59:24Z INFO ConfigurationStore] stored True
[2024-02-07 09:59:24Z INFO CredentialManager] GetCredentialProvider
[2024-02-07 09:59:24Z INFO CredentialManager] Creating type OAuth
[2024-02-07 09:59:24Z INFO CredentialManager] Creating credential type: OAuth
[2024-02-07 09:59:24Z INFO RSAEncryptedFileKeyManager] Loading RSA key parameters from file C:\Users\prath\Downloads\ang-spring-project\actions-runner\.credentials_rsaparams
[2024-02-07 09:59:24Z INFO RunnerServer] EstablishVssConnection
[2024-02-07 09:59:24Z INFO RunnerServer] Establish connection with 100 seconds timeout.
[2024-02-07 09:59:24Z INFO GitHubActionsService] Starting operation Location.GetConnectionData
[2024-02-07 09:59:24Z INFO RunnerServer] EstablishVssConnection
[2024-02-07 09:59:24Z INFO RunnerServer] Establish connection with 60 seconds timeout.
[2024-02-07 09:59:24Z INFO GitHubActionsService] Starting operation Location.GetConnectionData
[2024-02-07 09:59:24Z INFO RunnerServer] EstablishVssConnection
[2024-02-07 09:59:24Z INFO RunnerServer] Establish connection with 60 seconds timeout.
[2024-02-07 09:59:24Z INFO GitHubActionsService] Starting operation Location.GetConnectionData
[2024-02-07 09:59:25Z INFO GitHubActionsService] Finished operation Location.GetConnectionData
[2024-02-07 09:59:25Z INFO GitHubActionsService] Finished operation Location.GetConnectionData
[2024-02-07 09:59:25Z INFO GitHubActionsService] Finished operation Location.GetConnectionData
[2024-02-07 09:59:25Z INFO RSAEncryptedFileKeyManager] Loading RSA key parameters from file C:\Users\prath\Downloads\ang-spring-project\actions-runner\.credentials_rsaparams
[2024-02-07 09:59:25Z INFO RSAEncryptedFileKeyManager] Loading RSA key parameters from file C:\Users\prath\Downloads\ang-spring-project\actions-runner\.credentials_rsaparams
[2024-02-07 09:59:26Z INFO GitHubActionsService] AAD Correlation ID for this token request: Unknown
[2024-02-07 09:59:26Z INFO CommandSettings] Arg 'work': ''
[2024-02-07 09:59:26Z INFO CommandSettings] Flag 'unattended': 'False'
[2024-02-07 09:59:26Z INFO PromptManager] ReadValue
[2024-02-07 09:59:26Z INFO Terminal] WRITE: Enter name of work folder: 
[2024-02-07 09:59:26Z INFO Terminal] WRITE: [press Enter for _work] 
[2024-02-07 09:59:26Z INFO Terminal] READ LINE
[2024-02-07 09:59:31Z INFO Terminal] Read value: ''
[2024-02-07 09:59:31Z INFO PromptManager] Falling back to the default: '_work'
[2024-02-07 09:59:31Z INFO ConfigurationStore] Saving runner settings.
[2024-02-07 09:59:31Z INFO ConfigurationStore] Settings Saved.
[2024-02-07 09:59:31Z INFO Terminal] WRITE LINE: 
[2024-02-07 09:59:31Z INFO Terminal] WRITE LINE: 
[2024-02-07 09:59:31Z INFO CommandSettings] Flag 'runasservice': 'False'
[2024-02-07 09:59:31Z INFO CommandSettings] Flag 'unattended': 'False'
[2024-02-07 09:59:31Z INFO PromptManager] ReadValue
[2024-02-07 09:59:31Z INFO Terminal] WRITE: Would you like to run the runner as service? (Y/N) 
[2024-02-07 09:59:31Z INFO Terminal] WRITE: [press Enter for N] 
[2024-02-07 09:59:31Z INFO Terminal] READ LINE
[2024-02-07 10:02:25Z INFO Terminal] Read value: 'N'
[2024-02-07 10:02:25Z INFO Listener] Runner execution has finished with return code 0
